{"contracts/Raffle.sol":{"l":{"65":3,"66":3,"67":3,"68":3,"69":3,"70":3,"71":3,"72":3,"76":5,"77":1,"79":4,"80":1,"82":3,"85":3,"100":1,"101":1,"102":1,"103":1,"104":1,"116":1,"118":1,"119":0,"126":1,"128":1,"136":1,"143":0,"144":0,"145":0,"146":0,"147":0,"148":0,"149":0,"150":0,"151":0,"153":0,"158":5,"162":1,"166":0,"170":1,"174":0,"178":0,"182":0,"186":0,"190":5,"194":1,"198":5},"path":"/Users/favourejim/Desktop/lottery-contract/contracts/Raffle.sol","s":{"1":3,"2":3,"3":3,"4":3,"5":3,"6":3,"7":3,"8":3,"9":5,"10":4,"11":3,"12":3,"13":1,"14":1,"15":1,"16":1,"17":1,"18":1,"19":1,"20":1,"21":1,"22":1,"23":0,"24":0,"25":0,"26":0,"27":0,"28":0,"29":0,"30":0,"31":0,"32":5,"33":1,"34":0,"35":1,"36":0,"37":0,"38":0,"39":0,"40":5,"41":1,"42":5},"b":{"1":[1,4],"2":[1,3],"3":[0,1],"4":[0,0]},"f":{"1":3,"2":5,"3":1,"4":1,"5":0,"6":5,"7":1,"8":0,"9":1,"10":0,"11":0,"12":0,"13":0,"14":5,"15":1,"16":5},"fnMap":{"1":{"name":"constructor","line":64,"loc":{"start":{"line":56,"column":4},"end":{"line":73,"column":4}}},"2":{"name":"enterRaffle","line":75,"loc":{"start":{"line":75,"column":4},"end":{"line":86,"column":4}}},"3":{"name":"checkUpkeep","line":97,"loc":{"start":{"line":97,"column":4},"end":{"line":105,"column":4}}},"4":{"name":"performUpkeep","line":111,"loc":{"start":{"line":111,"column":4},"end":{"line":137,"column":4}}},"5":{"name":"fulfillRandomWords","line":139,"loc":{"start":{"line":139,"column":4},"end":{"line":154,"column":4}}},"6":{"name":"getEntranceFee","line":157,"loc":{"start":{"line":157,"column":4},"end":{"line":159,"column":4}}},"7":{"name":"getPlayer","line":161,"loc":{"start":{"line":161,"column":4},"end":{"line":163,"column":4}}},"8":{"name":"getRecentWinner","line":165,"loc":{"start":{"line":165,"column":4},"end":{"line":167,"column":4}}},"9":{"name":"getRaffleState","line":169,"loc":{"start":{"line":169,"column":4},"end":{"line":171,"column":4}}},"10":{"name":"getNumWords","line":173,"loc":{"start":{"line":173,"column":4},"end":{"line":175,"column":4}}},"11":{"name":"getNumberOfPlayers","line":177,"loc":{"start":{"line":177,"column":4},"end":{"line":179,"column":4}}},"12":{"name":"getLatestTimeStamp","line":181,"loc":{"start":{"line":181,"column":4},"end":{"line":183,"column":4}}},"13":{"name":"getRequestConfirmations","line":185,"loc":{"start":{"line":185,"column":4},"end":{"line":187,"column":4}}},"14":{"name":"getInterval","line":189,"loc":{"start":{"line":189,"column":4},"end":{"line":191,"column":4}}},"15":{"name":"getGaslane","line":193,"loc":{"start":{"line":193,"column":4},"end":{"line":195,"column":4}}},"16":{"name":"getSubscriptionId","line":197,"loc":{"start":{"line":197,"column":4},"end":{"line":199,"column":4}}}},"statementMap":{"1":{"start":{"line":65,"column":8},"end":{"line":65,"column":34}},"2":{"start":{"line":66,"column":8},"end":{"line":66,"column":69}},"3":{"start":{"line":67,"column":8},"end":{"line":67,"column":26}},"4":{"start":{"line":68,"column":8},"end":{"line":68,"column":40}},"5":{"start":{"line":69,"column":8},"end":{"line":69,"column":44}},"6":{"start":{"line":70,"column":8},"end":{"line":70,"column":39}},"7":{"start":{"line":71,"column":8},"end":{"line":71,"column":40}},"8":{"start":{"line":72,"column":8},"end":{"line":72,"column":28}},"9":{"start":{"line":76,"column":8},"end":{"line":76,"column":2593}},"10":{"start":{"line":79,"column":8},"end":{"line":79,"column":2694}},"11":{"start":{"line":82,"column":8},"end":{"line":82,"column":42}},"12":{"start":{"line":85,"column":8},"end":{"line":85,"column":36}},"13":{"start":{"line":100,"column":8},"end":{"line":100,"column":55}},"14":{"start":{"line":101,"column":8},"end":{"line":101,"column":74}},"15":{"start":{"line":102,"column":8},"end":{"line":102,"column":46}},"16":{"start":{"line":103,"column":8},"end":{"line":103,"column":51}},"17":{"start":{"line":104,"column":8},"end":{"line":104,"column":72}},"18":{"start":{"line":116,"column":8},"end":{"line":116,"column":47}},"19":{"start":{"line":118,"column":8},"end":{"line":118,"column":4159}},"20":{"start":{"line":126,"column":8},"end":{"line":126,"column":46}},"21":{"start":{"line":128,"column":8},"end":{"line":128,"column":4421}},"22":{"start":{"line":136,"column":8},"end":{"line":136,"column":45}},"23":{"start":{"line":143,"column":8},"end":{"line":143,"column":65}},"24":{"start":{"line":144,"column":8},"end":{"line":144,"column":63}},"25":{"start":{"line":145,"column":8},"end":{"line":145,"column":36}},"26":{"start":{"line":146,"column":8},"end":{"line":146,"column":40}},"27":{"start":{"line":147,"column":8},"end":{"line":147,"column":39}},"28":{"start":{"line":148,"column":8},"end":{"line":148,"column":43}},"29":{"start":{"line":149,"column":8},"end":{"line":149,"column":81}},"30":{"start":{"line":150,"column":8},"end":{"line":150,"column":5214}},"31":{"start":{"line":153,"column":8},"end":{"line":153,"column":39}},"32":{"start":{"line":158,"column":8},"end":{"line":158,"column":28}},"33":{"start":{"line":162,"column":8},"end":{"line":162,"column":37}},"34":{"start":{"line":166,"column":8},"end":{"line":166,"column":29}},"35":{"start":{"line":170,"column":8},"end":{"line":170,"column":28}},"36":{"start":{"line":174,"column":8},"end":{"line":174,"column":24}},"37":{"start":{"line":178,"column":8},"end":{"line":178,"column":31}},"38":{"start":{"line":182,"column":8},"end":{"line":182,"column":30}},"39":{"start":{"line":186,"column":8},"end":{"line":186,"column":35}},"40":{"start":{"line":190,"column":8},"end":{"line":190,"column":25}},"41":{"start":{"line":194,"column":8},"end":{"line":194,"column":24}},"42":{"start":{"line":198,"column":8},"end":{"line":198,"column":31}}},"branchMap":{"1":{"line":76,"type":"if","locations":[{"start":{"line":76,"column":8},"end":{"line":76,"column":8}},{"start":{"line":76,"column":8},"end":{"line":76,"column":8}}]},"2":{"line":79,"type":"if","locations":[{"start":{"line":79,"column":8},"end":{"line":79,"column":8}},{"start":{"line":79,"column":8},"end":{"line":79,"column":8}}]},"3":{"line":118,"type":"if","locations":[{"start":{"line":118,"column":8},"end":{"line":118,"column":8}},{"start":{"line":118,"column":8},"end":{"line":118,"column":8}}]},"4":{"line":150,"type":"if","locations":[{"start":{"line":150,"column":8},"end":{"line":150,"column":8}},{"start":{"line":150,"column":8},"end":{"line":150,"column":8}}]}}},"contracts/VrfCoordinatorV2Mock.sol":{"l":{},"path":"/Users/favourejim/Desktop/lottery-contract/contracts/VrfCoordinatorV2Mock.sol","s":{},"b":{},"f":{},"fnMap":{},"statementMap":{},"branchMap":{}}}